<?xml version="1.0" encoding="UTF-8"?>
<!-- Generated by org.testng.reporters.JUnitReportReporter -->
<testsuite hostname="DESKTOP-IOOF160" failures="0" tests="1" name="firstproject.fisrstclass" time="0.325" errors="0" timestamp="2025-09-03T16:43:34 EET" skipped="0">
  <testcase classname="firstproject.fisrstclass" name="MyFirstTest" time="0.325"/>
</testsuite> <!-- firstproject.fisrstclass -->
